<?xml version="1.0" encoding="UTF-8"?>
<!-- Generated by org.testng.reporters.JUnitReportReporter -->
<testsuite hostname="Suji" failures="0" tests="1" name="Practice.DXCVicTest.CalculateFeePageTest" time="17.022" errors="0" timestamp="2021-08-26T14:34:51 AEST" skipped="0">
  <testcase classname="Practice.DXCVicTest.CalculateFeePageTest" name="CalculateFee" time="17.022"/>
  <system-out/>
</testsuite> <!-- Practice.DXCVicTest.CalculateFeePageTest -->
