<?xml version="1.0" encoding="UTF-8"?>
<!-- Generated by org.testng.reporters.JUnitReportReporter -->
<testsuite hostname="Suji" failures="0" tests="1" name="Practice.DXCVicTest.PermitTypePageTest" time="0.042" errors="0" timestamp="2021-08-26T14:34:51 AEST" skipped="0">
  <testcase classname="Practice.DXCVicTest.PermitTypePageTest" name="PermitTest" time="0.042"/>
  <system-out/>
</testsuite> <!-- Practice.DXCVicTest.PermitTypePageTest -->
